Arguments: 
  /usr/local/bin/node /usr/bin/yarnpkg

PATH: 
  /usr/local/bin:/usr/bin:/bin:/usr/local/games:/usr/games

Yarn version: 
  0.27.5

Node version: 
  9.5.0

Platform: 
  linux x64

npm manifest: 
  {
    "name": "@reglendo/mergado-ui-icons",
    "version": "1.2.11",
    "description": "Mergado UI KIT icons",
    "scripts": {
      "build": "node ./bin/create && tsc -d",
      "create": "node ./bin/create"
    },
    "repository": {
      "type": "git",
      "url": "git+ssh://git@github.com/Reglendo/mergado-ui-icons.git"
    },
    "authors": [
      {
        "name": "Martin Hrncir",
        "company": "Reglendo technologies"
      }
    ],
    "license": "MIT",
    "homepage": "https://github.com/Reglendo/mergado-ui-icons",
    "devDependencies": {
      "@types/node": "^7.0.10",
      "@types/react": "^16.0.2",
      "camelcase": "^2.0.1",
      "capitalize": "^1.0.0",
      "cheerio": "^0.19.0",
      "css-to-react-native": "^2.0.1",
      "eslint": "^1.10.3",
      "eslint-config-airbnb": "^3.1.0",
      "eslint-plugin-react": "^3.15.0",
      "glob": "^6.0.4",
      "underscore": "^1.8.3"
    },
    "peerDependencies": {
      "react": "^16.4.1",
      "react-dom": "^16.4.1"
    },
  }

yarn manifest: 
  No manifest

Lockfile: 
  # THIS IS AN AUTOGENERATED FILE. DO NOT EDIT THIS FILE DIRECTLY.
  # yarn lockfile v1
  
  
  "@types/node@^7.0.10":
    version "7.0.18"
    resolved "https://registry.yarnpkg.com/@types/node/-/node-7.0.18.tgz#cd67f27d3dc0cfb746f0bdd5e086c4c5d55be173"
  
  "@types/react@^16.0.2":
    version "16.0.2"
    resolved "https://registry.yarnpkg.com/@types/react/-/react-16.0.2.tgz#0b31a73cdde6272b719e5b05a7df6d1e2654a804"
  
  align-text@^0.1.1, align-text@^0.1.3:
    version "0.1.4"
    resolved "https://registry.yarnpkg.com/align-text/-/align-text-0.1.4.tgz#0cd90a561093f35d0a99256c22b7069433fad117"
    dependencies:
      kind-of "^3.0.2"
      longest "^1.0.1"
      repeat-string "^1.5.2"
  
  amdefine@>=0.0.4:
    version "1.0.1"
    resolved "https://registry.yarnpkg.com/amdefine/-/amdefine-1.0.1.tgz#4a5282ac164729e93619bcfd3ad151f817ce91f5"
  
  ansi-escapes@^1.1.0:
    version "1.4.0"
    resolved "https://registry.yarnpkg.com/ansi-escapes/-/ansi-escapes-1.4.0.tgz#d3a8a83b319aa67793662b13e761c7911422306e"
  
  ansi-regex@^2.0.0:
    version "2.1.1"
    resolved "https://registry.yarnpkg.com/ansi-regex/-/ansi-regex-2.1.1.tgz#c3b33ab5ee360d86e0e628f0468ae7ef27d654df"
  
  ansi-styles@^2.2.1:
    version "2.2.1"
    resolved "https://registry.yarnpkg.com/ansi-styles/-/ansi-styles-2.2.1.tgz#b432dd3358b634cf75e1e4664368240533c1ddbe"
  
  argparse@^1.0.2:
    version "1.0.9"
    resolved "https://registry.yarnpkg.com/argparse/-/argparse-1.0.9.tgz#73d83bc263f86e97f8cc4f6bae1b0e90a7d22c86"
    dependencies:
      sprintf-js "~1.0.2"
  
  array-union@^1.0.1:
    version "1.0.2"
    resolved "https://registry.yarnpkg.com/array-union/-/array-union-1.0.2.tgz#9a34410e4f4e3da23dea375be5be70f24778ec39"
    dependencies:
      array-uniq "^1.0.1"
  
  array-uniq@^1.0.1:
    version "1.0.3"
    resolved "https://registry.yarnpkg.com/array-uniq/-/array-uniq-1.0.3.tgz#af6ac877a25cc7f74e058894753858dfdb24fdb6"
  
  arrify@^1.0.0:
    version "1.0.1"
    resolved "https://registry.yarnpkg.com/arrify/-/arrify-1.0.1.tgz#898508da2226f380df904728456849c1501a4b0d"
  
  asap@~2.0.3:
    version "2.0.5"
    resolved "https://registry.yarnpkg.com/asap/-/asap-2.0.5.tgz#522765b50c3510490e52d7dcfe085ef9ba96958f"
  
  async@^1.4.0:
    version "1.5.2"
    resolved "https://registry.yarnpkg.com/async/-/async-1.5.2.tgz#ec6a61ae56480c0c3cb241c95618e20892f9672a"
  
  balanced-match@^0.4.1:
    version "0.4.2"
    resolved "https://registry.yarnpkg.com/balanced-match/-/balanced-match-0.4.2.tgz#cb3f3e3c732dc0f01ee70b403f302e61d7709838"
  
  boolbase@~1.0.0:
    version "1.0.0"
    resolved "https://registry.yarnpkg.com/boolbase/-/boolbase-1.0.0.tgz#68dff5fbe60c51eb37725ea9e3ed310dcc1e776e"
  
  brace-expansion@^1.1.7:
    version "1.1.7"
    resolved "https://registry.yarnpkg.com/brace-expansion/-/brace-expansion-1.1.7.tgz#3effc3c50e000531fb720eaff80f0ae8ef23cf59"
    dependencies:
      balanced-match "^0.4.1"
      concat-map "0.0.1"
  
  buffer-shims@~1.0.0:
    version "1.0.0"
    resolved "https://registry.yarnpkg.com/buffer-shims/-/buffer-shims-1.0.0.tgz#9978ce317388c649ad8793028c3477ef044a8b51"
  
  camelcase@^1.0.2:
    version "1.2.1"
    resolved "https://registry.yarnpkg.com/camelcase/-/camelcase-1.2.1.tgz#9bb5304d2e0b56698b2c758b08a3eaa9daa58a39"
  
  camelcase@^2.0.1:
    version "2.1.1"
    resolved "https://registry.yarnpkg.com/camelcase/-/camelcase-2.1.1.tgz#7c1d16d679a1bbe59ca02cacecfb011e201f5a1f"
  
  capitalize@^1.0.0:
    version "1.0.0"
    resolved "https://registry.yarnpkg.com/capitalize/-/capitalize-1.0.0.tgz#dc802c580aee101929020d2ca14b4ca8a0ae44be"
  
  center-align@^0.1.1:
    version "0.1.3"
    resolved "https://registry.yarnpkg.com/center-align/-/center-align-0.1.3.tgz#aa0d32629b6ee972200411cbd4461c907bc2b7ad"
    dependencies:
      align-text "^0.1.3"
      lazy-cache "^1.0.3"
  
  chalk@^1.0.0:
    version "1.1.3"
    resolved "https://registry.yarnpkg.com/chalk/-/chalk-1.1.3.tgz#a8115c55e4a702fe4d150abd3872822a7e09fc98"
    dependencies:
      ansi-styles "^2.2.1"
      escape-string-regexp "^1.0.2"
      has-ansi "^2.0.0"
      strip-ansi "^3.0.0"
      supports-color "^2.0.0"
  
  cheerio@^0.19.0:
    version "0.19.0"
    resolved "https://registry.yarnpkg.com/cheerio/-/cheerio-0.19.0.tgz#772e7015f2ee29965096d71ea4175b75ab354925"
    dependencies:
      css-select "~1.0.0"
      dom-serializer "~0.1.0"
      entities "~1.1.1"
      htmlparser2 "~3.8.1"
      lodash "^3.2.0"
  
  circular-json@^0.3.1:
    version "0.3.1"
    resolved "https://registry.yarnpkg.com/circular-json/-/circular-json-0.3.1.tgz#be8b36aefccde8b3ca7aa2d6afc07a37242c0d2d"
  
  cli-cursor@^1.0.1:
    version "1.0.2"
    resolved "https://registry.yarnpkg.com/cli-cursor/-/cli-cursor-1.0.2.tgz#64da3f7d56a54412e59794bd62dc35295e8f2987"
    dependencies:
      restore-cursor "^1.0.1"
  
  cli-width@^1.0.1:
    version "1.1.1"
    resolved "https://registry.yarnpkg.com/cli-width/-/cli-width-1.1.1.tgz#a4d293ef67ebb7b88d4a4d42c0ccf00c4d1e366d"
  
  cliui@^2.1.0:
    version "2.1.0"
    resolved "https://registry.yarnpkg.com/cliui/-/cliui-2.1.0.tgz#4b475760ff80264c762c3a1719032e91c7fea0d1"
    dependencies:
      center-align "^0.1.1"
      right-align "^0.1.1"
      wordwrap "0.0.2"
  
  code-point-at@^1.0.0:
    version "1.1.0"
    resolved "https://registry.yarnpkg.com/code-point-at/-/code-point-at-1.1.0.tgz#0d070b4d043a5bea33a2f1a40e2edb3d9a4ccf77"
  
  concat-map@0.0.1:
    version "0.0.1"
    resolved "https://registry.yarnpkg.com/concat-map/-/concat-map-0.0.1.tgz#d8a96bd77fd68df7793a73036a3ba0d5405d477b"
  
  concat-stream@^1.4.6:
    version "1.6.0"
    resolved "https://registry.yarnpkg.com/concat-stream/-/concat-stream-1.6.0.tgz#0aac662fd52be78964d5532f694784e70110acf7"
    dependencies:
      inherits "^2.0.3"
      readable-stream "^2.2.2"
      typedarray "^0.0.6"
  
  core-js@^1.0.0:
    version "1.2.7"
    resolved "https://registry.yarnpkg.com/core-js/-/core-js-1.2.7.tgz#652294c14651db28fa93bd2d5ff2983a4f08c636"
  
  core-util-is@~1.0.0:
    version "1.0.2"
    resolved "https://registry.yarnpkg.com/core-util-is/-/core-util-is-1.0.2.tgz#b5fd54220aa2bc5ab57aab7140c940754503c1a7"
  
  css-color-keywords@^1.0.0:
    version "1.0.0"
    resolved "https://registry.yarnpkg.com/css-color-keywords/-/css-color-keywords-1.0.0.tgz#fea2616dc676b2962686b3af8dbdbe180b244e05"
  
  css-select@~1.0.0:
    version "1.0.0"
    resolved "https://registry.yarnpkg.com/css-select/-/css-select-1.0.0.tgz#b1121ca51848dd264e2244d058cee254deeb44b0"
    dependencies:
      boolbase "~1.0.0"
      css-what "1.0"
      domutils "1.4"
      nth-check "~1.0.0"
  
  css-to-react-native@^2.0.1:
    version "2.0.3"
    resolved "https://registry.yarnpkg.com/css-to-react-native/-/css-to-react-native-2.0.3.tgz#7d3a11409ac283acef447a13d3bbd09980c68a4f"
    dependencies:
      css-color-keywords "^1.0.0"
      fbjs "^0.8.5"
      postcss-value-parser "^3.3.0"
  
  css-what@1.0:
    version "1.0.0"
    resolved "https://registry.yarnpkg.com/css-what/-/css-what-1.0.0.tgz#d7cc2df45180666f99d2b14462639469e00f736c"
  
  d@1:
    version "1.0.0"
    resolved "https://registry.yarnpkg.com/d/-/d-1.0.0.tgz#754bb5bfe55451da69a58b94d45f4c5b0462d58f"
    dependencies:
      es5-ext "^0.10.9"
  
  debug@^2.1.1:
    version "2.6.6"
    resolved "https://registry.yarnpkg.com/debug/-/debug-2.6.6.tgz#a9fa6fbe9ca43cf1e79f73b75c0189cbb7d6db5a"
    dependencies:
      ms "0.7.3"
  
  decamelize@^1.0.0:
    version "1.2.0"
    resolved "https://registry.yarnpkg.com/decamelize/-/decamelize-1.2.0.tgz#f6534d15148269b20352e7bee26f501f9a191290"
  
  deep-is@~0.1.3:
    version "0.1.3"
    resolved "https://registry.yarnpkg.com/deep-is/-/deep-is-0.1.3.tgz#b369d6fb5dbc13eecf524f91b070feedc357cf34"
  
  del@^2.0.2:
    version "2.2.2"
    resolved "https://registry.yarnpkg.com/del/-/del-2.2.2.tgz#c12c981d067846c84bcaf862cff930d907ffd1a8"
    dependencies:
      globby "^5.0.0"
      is-path-cwd "^1.0.0"
      is-path-in-cwd "^1.0.0"
      object-assign "^4.0.1"
      pify "^2.0.0"
      pinkie-promise "^2.0.0"
      rimraf "^2.2.8"
  
  doctrine@^0.7.1:
    version "0.7.2"
    resolved "https://registry.yarnpkg.com/doctrine/-/doctrine-0.7.2.tgz#7cb860359ba3be90e040b26b729ce4bfa654c523"
    dependencies:
      esutils "^1.1.6"
      isarray "0.0.1"
  
  dom-serializer@0, dom-serializer@~0.1.0:
    version "0.1.0"
    resolved "https://registry.yarnpkg.com/dom-serializer/-/dom-serializer-0.1.0.tgz#073c697546ce0780ce23be4a28e293e40bc30c82"
    dependencies:
      domelementtype "~1.1.1"
      entities "~1.1.1"
  
  domelementtype@1:
    version "1.3.0"
    resolved "https://registry.yarnpkg.com/domelementtype/-/domelementtype-1.3.0.tgz#b17aed82e8ab59e52dd9c19b1756e0fc187204c2"
  
  domelementtype@~1.1.1:
    version "1.1.3"
    resolved "https://registry.yarnpkg.com/domelementtype/-/domelementtype-1.1.3.tgz#bd28773e2642881aec51544924299c5cd822185b"
  
  domhandler@2.3:
    version "2.3.0"
    resolved "https://registry.yarnpkg.com/domhandler/-/domhandler-2.3.0.tgz#2de59a0822d5027fabff6f032c2b25a2a8abe738"
    dependencies:
      domelementtype "1"
  
  domutils@1.4:
    version "1.4.3"
    resolved "https://registry.yarnpkg.com/domutils/-/domutils-1.4.3.tgz#0865513796c6b306031850e175516baf80b72a6f"
    dependencies:
      domelementtype "1"
  
  domutils@1.5:
    version "1.5.1"
    resolved "https://registry.yarnpkg.com/domutils/-/domutils-1.5.1.tgz#dcd8488a26f563d61079e48c9f7b7e32373682cf"
    dependencies:
      dom-serializer "0"
      domelementtype "1"
  
  encoding@^0.1.11:
    version "0.1.12"
    resolved "https://registry.yarnpkg.com/encoding/-/encoding-0.1.12.tgz#538b66f3ee62cd1ab51ec323829d1f9480c74beb"
    dependencies:
      iconv-lite "~0.4.13"
  
  entities@1.0:
    version "1.0.0"
    resolved "https://registry.yarnpkg.com/entities/-/entities-1.0.0.tgz#b2987aa3821347fcde642b24fdfc9e4fb712bf26"
  
  entities@~1.1.1:
    version "1.1.1"
    resolved "https://registry.yarnpkg.com/entities/-/entities-1.1.1.tgz#6e5c2d0a5621b5dadaecef80b90edfb5cd7772f0"
  
  es5-ext@^0.10.14, es5-ext@^0.10.9, es5-ext@~0.10.14:
    version "0.10.18"
    resolved "https://registry.yarnpkg.com/es5-ext/-/es5-ext-0.10.18.tgz#dc239d3dce4c22b9c939aa180878837a3c0b5c92"
    dependencies:
      es6-iterator "2"
      es6-symbol "~3.1"
  
  es6-iterator@2, es6-iterator@^2.0.1, es6-iterator@~2.0.1:
    version "2.0.1"
    resolved "https://registry.yarnpkg.com/es6-iterator/-/es6-iterator-2.0.1.tgz#8e319c9f0453bf575d374940a655920e59ca5512"
    dependencies:
      d "1"
      es5-ext "^0.10.14"
      es6-symbol "^3.1"
  
  es6-map@^0.1.3:
    version "0.1.5"
    resolved "https://registry.yarnpkg.com/es6-map/-/es6-map-0.1.5.tgz#9136e0503dcc06a301690f0bb14ff4e364e949f0"
    dependencies:
      d "1"
      es5-ext "~0.10.14"
      es6-iterator "~2.0.1"
      es6-set "~0.1.5"
      es6-symbol "~3.1.1"
      event-emitter "~0.3.5"
  
  es6-set@~0.1.5:
    version "0.1.5"
    resolved "https://registry.yarnpkg.com/es6-set/-/es6-set-0.1.5.tgz#d2b3ec5d4d800ced818db538d28974db0a73ccb1"
    dependencies:
      d "1"
      es5-ext "~0.10.14"
      es6-iterator "~2.0.1"
      es6-symbol "3.1.1"
      event-emitter "~0.3.5"
  
  es6-symbol@3.1.1, es6-symbol@^3.1, es6-symbol@^3.1.1, es6-symbol@~3.1, es6-symbol@~3.1.1:
    version "3.1.1"
    resolved "https://registry.yarnpkg.com/es6-symbol/-/es6-symbol-3.1.1.tgz#bf00ef4fdab6ba1b46ecb7b629b4c7ed5715cc77"
    dependencies:
      d "1"
      es5-ext "~0.10.14"
  
  es6-weak-map@^2.0.1:
    version "2.0.2"
    resolved "https://registry.yarnpkg.com/es6-weak-map/-/es6-weak-map-2.0.2.tgz#5e3ab32251ffd1538a1f8e5ffa1357772f92d96f"
    dependencies:
      d "1"
      es5-ext "^0.10.14"
      es6-iterator "^2.0.1"
      es6-symbol "^3.1.1"
  
  escape-string-regexp@^1.0.2, escape-string-regexp@^1.0.5:
    version "1.0.5"
    resolved "https://registry.yarnpkg.com/escape-string-regexp/-/escape-string-regexp-1.0.5.tgz#1b61c0562190a8dff6ae3bb2cf0200ca130b86d4"
  
  escope@^3.3.0:
    version "3.6.0"
    resolved "https://registry.yarnpkg.com/escope/-/escope-3.6.0.tgz#e01975e812781a163a6dadfdd80398dc64c889c3"
    dependencies:
      es6-map "^0.1.3"
      es6-weak-map "^2.0.1"
      esrecurse "^4.1.0"
      estraverse "^4.1.1"
  
  eslint-config-airbnb@^3.1.0:
    version "3.1.0"
    resolved "https://registry.yarnpkg.com/eslint-config-airbnb/-/eslint-config-airbnb-3.1.0.tgz#8d030b4b80da1716a670e466a2fafe46f67466f4"
  
  eslint-plugin-react@^3.15.0:
    version "3.16.1"
    resolved "https://registry.yarnpkg.com/eslint-plugin-react/-/eslint-plugin-react-3.16.1.tgz#262d96b77d7c4a42af809a73c0e527a58612293c"
  
  eslint@^1.10.3:
    version "1.10.3"
    resolved "https://registry.yarnpkg.com/eslint/-/eslint-1.10.3.tgz#fb19a91b13c158082bbca294b17d979bc8353a0a"
    dependencies:
      chalk "^1.0.0"
      concat-stream "^1.4.6"
      debug "^2.1.1"
      doctrine "^0.7.1"
      escape-string-regexp "^1.0.2"
      escope "^3.3.0"
      espree "^2.2.4"
      estraverse "^4.1.1"
      estraverse-fb "^1.3.1"
      esutils "^2.0.2"
      file-entry-cache "^1.1.1"
      glob "^5.0.14"
      globals "^8.11.0"
      handlebars "^4.0.0"
      inquirer "^0.11.0"
      is-my-json-valid "^2.10.0"
      is-resolvable "^1.0.0"
      js-yaml "3.4.5"
      json-stable-stringify "^1.0.0"
      lodash.clonedeep "^3.0.1"
      lodash.merge "^3.3.2"
      lodash.omit "^3.1.0"
      minimatch "^3.0.0"
      mkdirp "^0.5.0"
      object-assign "^4.0.1"
      optionator "^0.6.0"
      path-is-absolute "^1.0.0"
      path-is-inside "^1.0.1"
      shelljs "^0.5.3"
      strip-json-comments "~1.0.1"
      text-table "~0.2.0"
      user-home "^2.0.0"
      xml-escape "~1.0.0"
  
  espree@^2.2.4:
    version "2.2.5"
    resolved "https://registry.yarnpkg.com/espree/-/espree-2.2.5.tgz#df691b9310889402aeb29cc066708c56690b854b"
  
  esprima@^2.6.0:
    version "2.7.3"
    resolved "https://registry.yarnpkg.com/esprima/-/esprima-2.7.3.tgz#96e3b70d5779f6ad49cd032673d1c312767ba581"
  
  esrecurse@^4.1.0:
    version "4.1.0"
    resolved "https://registry.yarnpkg.com/esrecurse/-/esrecurse-4.1.0.tgz#4713b6536adf7f2ac4f327d559e7756bff648220"
    dependencies:
      estraverse "~4.1.0"
      object-assign "^4.0.1"
  
  estraverse-fb@^1.3.1:
    version "1.3.1"
    resolved "https://registry.yarnpkg.com/estraverse-fb/-/estraverse-fb-1.3.1.tgz#160e75a80e605b08ce894bcce2fe3e429abf92bf"
  
  estraverse@^4.1.1:
    version "4.2.0"
    resolved "https://registry.yarnpkg.com/estraverse/-/estraverse-4.2.0.tgz#0dee3fed31fcd469618ce7342099fc1afa0bdb13"
  
  estraverse@~4.1.0:
    version "4.1.1"
    resolved "https://registry.yarnpkg.com/estraverse/-/estraverse-4.1.1.tgz#f6caca728933a850ef90661d0e17982ba47111a2"
  
  esutils@^1.1.6:
    version "1.1.6"
    resolved "https://registry.yarnpkg.com/esutils/-/esutils-1.1.6.tgz#c01ccaa9ae4b897c6d0c3e210ae52f3c7a844375"
  
  esutils@^2.0.2:
    version "2.0.2"
    resolved "https://registry.yarnpkg.com/esutils/-/esutils-2.0.2.tgz#0abf4f1caa5bcb1f7a9d8acc6dea4faaa04bac9b"
  
  event-emitter@~0.3.5:
    version "0.3.5"
    resolved "https://registry.yarnpkg.com/event-emitter/-/event-emitter-0.3.5.tgz#df8c69eef1647923c7157b9ce83840610b02cc39"
    dependencies:
      d "1"
      es5-ext "~0.10.14"
  
  exit-hook@^1.0.0:
    version "1.1.1"
    resolved "https://registry.yarnpkg.com/exit-hook/-/exit-hook-1.1.1.tgz#f05ca233b48c05d54fff07765df8507e95c02ff8"
  
  fast-levenshtein@~1.0.6:
    version "1.0.7"
    resolved "https://registry.yarnpkg.com/fast-levenshtein/-/fast-levenshtein-1.0.7.tgz#0178dcdee023b92905193af0959e8a7639cfdcb9"
  
  fbjs@^0.8.16:
    version "0.8.17"
    resolved "https://registry.yarnpkg.com/fbjs/-/fbjs-0.8.17.tgz#c4d598ead6949112653d6588b01a5cdcd9f90fdd"
    dependencies:
      core-js "^1.0.0"
      isomorphic-fetch "^2.1.1"
      loose-envify "^1.0.0"
      object-assign "^4.1.0"
      promise "^7.1.1"
      setimmediate "^1.0.5"
      ua-parser-js "^0.7.18"
  
  fbjs@^0.8.5:
    version "0.8.12"
    resolved "https://registry.yarnpkg.com/fbjs/-/fbjs-0.8.12.tgz#10b5d92f76d45575fd63a217d4ea02bea2f8ed04"
    dependencies:
      core-js "^1.0.0"
      isomorphic-fetch "^2.1.1"
      loose-envify "^1.0.0"
      object-assign "^4.1.0"
      promise "^7.1.1"
      setimmediate "^1.0.5"
      ua-parser-js "^0.7.9"
  
  figures@^1.3.5:
    version "1.7.0"
    resolved "https://registry.yarnpkg.com/figures/-/figures-1.7.0.tgz#cbe1e3affcf1cd44b80cadfed28dc793a9701d2e"
    dependencies:
      escape-string-regexp "^1.0.5"
      object-assign "^4.1.0"
  
  file-entry-cache@^1.1.1:
    version "1.3.1"
    resolved "https://registry.yarnpkg.com/file-entry-cache/-/file-entry-cache-1.3.1.tgz#44c61ea607ae4be9c1402f41f44270cbfe334ff8"
    dependencies:
      flat-cache "^1.2.1"
      object-assign "^4.0.1"
  
  flat-cache@^1.2.1:
    version "1.2.2"
    resolved "https://registry.yarnpkg.com/flat-cache/-/flat-cache-1.2.2.tgz#fa86714e72c21db88601761ecf2f555d1abc6b96"
    dependencies:
      circular-json "^0.3.1"
      del "^2.0.2"
      graceful-fs "^4.1.2"
      write "^0.2.1"
  
  fs.realpath@^1.0.0:
    version "1.0.0"
    resolved "https://registry.yarnpkg.com/fs.realpath/-/fs.realpath-1.0.0.tgz#1504ad2523158caa40db4a2787cb01411994ea4f"
  
  generate-function@^2.0.0:
    version "2.0.0"
    resolved "https://registry.yarnpkg.com/generate-function/-/generate-function-2.0.0.tgz#6858fe7c0969b7d4e9093337647ac79f60dfbe74"
  
  generate-object-property@^1.1.0:
    version "1.2.0"
    resolved "https://registry.yarnpkg.com/generate-object-property/-/generate-object-property-1.2.0.tgz#9c0e1c40308ce804f4783618b937fa88f99d50d0"
    dependencies:
      is-property "^1.0.0"
  
  glob@^5.0.14:
    version "5.0.15"
    resolved "https://registry.yarnpkg.com/glob/-/glob-5.0.15.tgz#1bc936b9e02f4a603fcc222ecf7633d30b8b93b1"
    dependencies:
      inflight "^1.0.4"
      inherits "2"
      minimatch "2 || 3"
      once "^1.3.0"
      path-is-absolute "^1.0.0"
  
  glob@^6.0.4:
    version "6.0.4"
    resolved "https://registry.yarnpkg.com/glob/-/glob-6.0.4.tgz#0f08860f6a155127b2fadd4f9ce24b1aab6e4d22"
    dependencies:
      inflight "^1.0.4"
      inherits "2"
      minimatch "2 || 3"
      once "^1.3.0"
      path-is-absolute "^1.0.0"
  
  glob@^7.0.3, glob@^7.0.5:
    version "7.1.1"
    resolved "https://registry.yarnpkg.com/glob/-/glob-7.1.1.tgz#805211df04faaf1c63a3600306cdf5ade50b2ec8"
    dependencies:
      fs.realpath "^1.0.0"
      inflight "^1.0.4"
      inherits "2"
      minimatch "^3.0.2"
      once "^1.3.0"
      path-is-absolute "^1.0.0"
  
  globals@^8.11.0:
    version "8.18.0"
    resolved "https://registry.yarnpkg.com/globals/-/globals-8.18.0.tgz#93d4a62bdcac38cfafafc47d6b034768cb0ffcb4"
  
  globby@^5.0.0:
    version "5.0.0"
    resolved "https://registry.yarnpkg.com/globby/-/globby-5.0.0.tgz#ebd84667ca0dbb330b99bcfc68eac2bc54370e0d"
    dependencies:
      array-union "^1.0.1"
      arrify "^1.0.0"
      glob "^7.0.3"
      object-assign "^4.0.1"
      pify "^2.0.0"
      pinkie-promise "^2.0.0"
  
  graceful-fs@^4.1.2:
    version "4.1.11"
    resolved "https://registry.yarnpkg.com/graceful-fs/-/graceful-fs-4.1.11.tgz#0e8bdfe4d1ddb8854d64e04ea7c00e2a026e5658"
  
  handlebars@^4.0.0:
    version "4.0.8"
    resolved "https://registry.yarnpkg.com/handlebars/-/handlebars-4.0.8.tgz#22b875cd3f0e6cbea30314f144e82bc7a72ff420"
    dependencies:
      async "^1.4.0"
      optimist "^0.6.1"
      source-map "^0.4.4"
    optionalDependencies:
      uglify-js "^2.6"
  
  has-ansi@^2.0.0:
    version "2.0.0"
    resolved "https://registry.yarnpkg.com/has-ansi/-/has-ansi-2.0.0.tgz#34f5049ce1ecdf2b0649af3ef24e45ed35416d91"
    dependencies:
      ansi-regex "^2.0.0"
  
  htmlparser2@~3.8.1:
    version "3.8.3"
    resolved "https://registry.yarnpkg.com/htmlparser2/-/htmlparser2-3.8.3.tgz#996c28b191516a8be86501a7d79757e5c70c1068"
    dependencies:
      domelementtype "1"
      domhandler "2.3"
      domutils "1.5"
      entities "1.0"
      readable-stream "1.1"
  
  iconv-lite@~0.4.13:
    version "0.4.17"
    resolved "https://registry.yarnpkg.com/iconv-lite/-/iconv-lite-0.4.17.tgz#4fdaa3b38acbc2c031b045d0edcdfe1ecab18c8d"
  
  inflight@^1.0.4:
    version "1.0.6"
    resolved "https://registry.yarnpkg.com/inflight/-/inflight-1.0.6.tgz#49bd6331d7d02d0c09bc910a1075ba8165b56df9"
    dependencies:
      once "^1.3.0"
      wrappy "1"
  
  inherits@2, inherits@^2.0.3, inherits@~2.0.1:
    version "2.0.3"
    resolved "https://registry.yarnpkg.com/inherits/-/inherits-2.0.3.tgz#633c2c83e3da42a502f52466022480f4208261de"
  
  inquirer@^0.11.0:
    version "0.11.4"
    resolved "https://registry.yarnpkg.com/inquirer/-/inquirer-0.11.4.tgz#81e3374e8361beaff2d97016206d359d0b32fa4d"
    dependencies:
      ansi-escapes "^1.1.0"
      ansi-regex "^2.0.0"
      chalk "^1.0.0"
      cli-cursor "^1.0.1"
      cli-width "^1.0.1"
      figures "^1.3.5"
      lodash "^3.3.1"
      readline2 "^1.0.1"
      run-async "^0.1.0"
      rx-lite "^3.1.2"
      string-width "^1.0.1"
      strip-ansi "^3.0.0"
      through "^2.3.6"
  
  is-buffer@^1.1.5:
    version "1.1.5"
    resolved "https://registry.yarnpkg.com/is-buffer/-/is-buffer-1.1.5.tgz#1f3b26ef613b214b88cbca23cc6c01d87961eecc"
  
  is-fullwidth-code-point@^1.0.0:
    version "1.0.0"
    resolved "https://registry.yarnpkg.com/is-fullwidth-code-point/-/is-fullwidth-code-point-1.0.0.tgz#ef9e31386f031a7f0d643af82fde50c457ef00cb"
    dependencies:
      number-is-nan "^1.0.0"
  
  is-my-json-valid@^2.10.0:
    version "2.16.0"
    resolved "https://registry.yarnpkg.com/is-my-json-valid/-/is-my-json-valid-2.16.0.tgz#f079dd9bfdae65ee2038aae8acbc86ab109e3693"
    dependencies:
      generate-function "^2.0.0"
      generate-object-property "^1.1.0"
      jsonpointer "^4.0.0"
      xtend "^4.0.0"
  
  is-path-cwd@^1.0.0:
    version "1.0.0"
    resolved "https://registry.yarnpkg.com/is-path-cwd/-/is-path-cwd-1.0.0.tgz#d225ec23132e89edd38fda767472e62e65f1106d"
  
  is-path-in-cwd@^1.0.0:
    version "1.0.0"
    resolved "https://registry.yarnpkg.com/is-path-in-cwd/-/is-path-in-cwd-1.0.0.tgz#6477582b8214d602346094567003be8a9eac04dc"
    dependencies:
      is-path-inside "^1.0.0"
  
  is-path-inside@^1.0.0:
    version "1.0.0"
    resolved "https://registry.yarnpkg.com/is-path-inside/-/is-path-inside-1.0.0.tgz#fc06e5a1683fbda13de667aff717bbc10a48f37f"
    dependencies:
      path-is-inside "^1.0.1"
  
  is-property@^1.0.0:
    version "1.0.2"
    resolved "https://registry.yarnpkg.com/is-property/-/is-property-1.0.2.tgz#57fe1c4e48474edd65b09911f26b1cd4095dda84"
  
  is-resolvable@^1.0.0:
    version "1.0.0"
    resolved "https://registry.yarnpkg.com/is-resolvable/-/is-resolvable-1.0.0.tgz#8df57c61ea2e3c501408d100fb013cf8d6e0cc62"
    dependencies:
      tryit "^1.0.1"
  
  is-stream@^1.0.1:
    version "1.1.0"
    resolved "https://registry.yarnpkg.com/is-stream/-/is-stream-1.1.0.tgz#12d4a3dd4e68e0b79ceb8dbc84173ae80d91ca44"
  
  isarray@0.0.1:
    version "0.0.1"
    resolved "https://registry.yarnpkg.com/isarray/-/isarray-0.0.1.tgz#8a18acfca9a8f4177e09abfc6038939b05d1eedf"
  
  isarray@~1.0.0:
    version "1.0.0"
    resolved "https://registry.yarnpkg.com/isarray/-/isarray-1.0.0.tgz#bb935d48582cba168c06834957a54a3e07124f11"
  
  isomorphic-fetch@^2.1.1:
    version "2.2.1"
    resolved "https://registry.yarnpkg.com/isomorphic-fetch/-/isomorphic-fetch-2.2.1.tgz#611ae1acf14f5e81f729507472819fe9733558a9"
    dependencies:
      node-fetch "^1.0.1"
      whatwg-fetch ">=0.10.0"
  
  js-tokens@^3.0.0:
    version "3.0.1"
    resolved "https://registry.yarnpkg.com/js-tokens/-/js-tokens-3.0.1.tgz#08e9f132484a2c45a30907e9dc4d5567b7f114d7"
  
  js-yaml@3.4.5:
    version "3.4.5"
    resolved "https://registry.yarnpkg.com/js-yaml/-/js-yaml-3.4.5.tgz#c3403797df12b91866574f2de23646fe8cafb44d"
    dependencies:
      argparse "^1.0.2"
      esprima "^2.6.0"
  
  json-stable-stringify@^1.0.0:
    version "1.0.1"
    resolved "https://registry.yarnpkg.com/json-stable-stringify/-/json-stable-stringify-1.0.1.tgz#9a759d39c5f2ff503fd5300646ed445f88c4f9af"
    dependencies:
      jsonify "~0.0.0"
  
  jsonify@~0.0.0:
    version "0.0.0"
    resolved "https://registry.yarnpkg.com/jsonify/-/jsonify-0.0.0.tgz#2c74b6ee41d93ca51b7b5aaee8f503631d252a73"
  
  jsonpointer@^4.0.0:
    version "4.0.1"
    resolved "https://registry.yarnpkg.com/jsonpointer/-/jsonpointer-4.0.1.tgz#4fd92cb34e0e9db3c89c8622ecf51f9b978c6cb9"
  
  kind-of@^3.0.2:
    version "3.2.1"
    resolved "https://registry.yarnpkg.com/kind-of/-/kind-of-3.2.1.tgz#9713fb3aea9ed3ba2fba907f0dfc4eb8224527f2"
    dependencies:
      is-buffer "^1.1.5"
  
  lazy-cache@^1.0.3:
    version "1.0.4"
    resolved "https://registry.yarnpkg.com/lazy-cache/-/lazy-cache-1.0.4.tgz#a1d78fc3a50474cb80845d3b3b6e1da49a446e8e"
  
  levn@~0.2.5:
    version "0.2.5"
    resolved "https://registry.yarnpkg.com/levn/-/levn-0.2.5.tgz#ba8d339d0ca4a610e3a3f145b9caf48807155054"
    dependencies:
      prelude-ls "~1.1.0"
      type-check "~0.3.1"
  
  lodash._arraycopy@^3.0.0:
    version "3.0.0"
    resolved "https://registry.yarnpkg.com/lodash._arraycopy/-/lodash._arraycopy-3.0.0.tgz#76e7b7c1f1fb92547374878a562ed06a3e50f6e1"
  
  lodash._arrayeach@^3.0.0:
    version "3.0.0"
    resolved "https://registry.yarnpkg.com/lodash._arrayeach/-/lodash._arrayeach-3.0.0.tgz#bab156b2a90d3f1bbd5c653403349e5e5933ef9e"
  
  lodash._arraymap@^3.0.0:
    version "3.0.0"
    resolved "https://registry.yarnpkg.com/lodash._arraymap/-/lodash._arraymap-3.0.0.tgz#1a8fd0f4c0df4b61dea076d717cdc97f0a3c3e66"
  
  lodash._baseassign@^3.0.0:
    version "3.2.0"
    resolved "https://registry.yarnpkg.com/lodash._baseassign/-/lodash._baseassign-3.2.0.tgz#8c38a099500f215ad09e59f1722fd0c52bfe0a4e"
    dependencies:
      lodash._basecopy "^3.0.0"
      lodash.keys "^3.0.0"
  
  lodash._baseclone@^3.0.0:
    version "3.3.0"
    resolved "https://registry.yarnpkg.com/lodash._baseclone/-/lodash._baseclone-3.3.0.tgz#303519bf6393fe7e42f34d8b630ef7794e3542b7"
    dependencies:
      lodash._arraycopy "^3.0.0"
      lodash._arrayeach "^3.0.0"
      lodash._baseassign "^3.0.0"
      lodash._basefor "^3.0.0"
      lodash.isarray "^3.0.0"
      lodash.keys "^3.0.0"
  
  lodash._basecopy@^3.0.0:
    version "3.0.1"
    resolved "https://registry.yarnpkg.com/lodash._basecopy/-/lodash._basecopy-3.0.1.tgz#8da0e6a876cf344c0ad8a54882111dd3c5c7ca36"
  
  lodash._basedifference@^3.0.0:
    version "3.0.3"
    resolved "https://registry.yarnpkg.com/lodash._basedifference/-/lodash._basedifference-3.0.3.tgz#f2c204296c2a78e02b389081b6edcac933cf629c"
    dependencies:
      lodash._baseindexof "^3.0.0"
      lodash._cacheindexof "^3.0.0"
      lodash._createcache "^3.0.0"
  
  lodash._baseflatten@^3.0.0:
    version "3.1.4"
    resolved "https://registry.yarnpkg.com/lodash._baseflatten/-/lodash._baseflatten-3.1.4.tgz#0770ff80131af6e34f3b511796a7ba5214e65ff7"
    dependencies:
      lodash.isarguments "^3.0.0"
      lodash.isarray "^3.0.0"
  
  lodash._basefor@^3.0.0:
    version "3.0.3"
    resolved "https://registry.yarnpkg.com/lodash._basefor/-/lodash._basefor-3.0.3.tgz#7550b4e9218ef09fad24343b612021c79b4c20c2"
  
  lodash._baseindexof@^3.0.0:
    version "3.1.0"
    resolved "https://registry.yarnpkg.com/lodash._baseindexof/-/lodash._baseindexof-3.1.0.tgz#fe52b53a1c6761e42618d654e4a25789ed61822c"
  
  lodash._bindcallback@^3.0.0:
    version "3.0.1"
    resolved "https://registry.yarnpkg.com/lodash._bindcallback/-/lodash._bindcallback-3.0.1.tgz#e531c27644cf8b57a99e17ed95b35c748789392e"
  
  lodash._cacheindexof@^3.0.0:
    version "3.0.2"
    resolved "https://registry.yarnpkg.com/lodash._cacheindexof/-/lodash._cacheindexof-3.0.2.tgz#3dc69ac82498d2ee5e3ce56091bafd2adc7bde92"
  
  lodash._createassigner@^3.0.0:
    version "3.1.1"
    resolved "https://registry.yarnpkg.com/lodash._createassigner/-/lodash._createassigner-3.1.1.tgz#838a5bae2fdaca63ac22dee8e19fa4e6d6970b11"
    dependencies:
      lodash._bindcallback "^3.0.0"
      lodash._isiterateecall "^3.0.0"
      lodash.restparam "^3.0.0"
  
  lodash._createcache@^3.0.0:
    version "3.1.2"
    resolved "https://registry.yarnpkg.com/lodash._createcache/-/lodash._createcache-3.1.2.tgz#56d6a064017625e79ebca6b8018e17440bdcf093"
    dependencies:
      lodash._getnative "^3.0.0"
  
  lodash._getnative@^3.0.0:
    version "3.9.1"
    resolved "https://registry.yarnpkg.com/lodash._getnative/-/lodash._getnative-3.9.1.tgz#570bc7dede46d61cdcde687d65d3eecbaa3aaff5"
  
  lodash._isiterateecall@^3.0.0:
    version "3.0.9"
    resolved "https://registry.yarnpkg.com/lodash._isiterateecall/-/lodash._isiterateecall-3.0.9.tgz#5203ad7ba425fae842460e696db9cf3e6aac057c"
  
  lodash._pickbyarray@^3.0.0:
    version "3.0.2"
    resolved "https://registry.yarnpkg.com/lodash._pickbyarray/-/lodash._pickbyarray-3.0.2.tgz#1f898d9607eb560b0e167384b77c7c6d108aa4c5"
  
  lodash._pickbycallback@^3.0.0:
    version "3.0.0"
    resolved "https://registry.yarnpkg.com/lodash._pickbycallback/-/lodash._pickbycallback-3.0.0.tgz#ff61b9a017a7b3af7d30e6c53de28afa19b8750a"
    dependencies:
      lodash._basefor "^3.0.0"
      lodash.keysin "^3.0.0"
  
  lodash.clonedeep@^3.0.1:
    version "3.0.2"
    resolved "https://registry.yarnpkg.com/lodash.clonedeep/-/lodash.clonedeep-3.0.2.tgz#a0a1e40d82a5ea89ff5b147b8444ed63d92827db"
    dependencies:
      lodash._baseclone "^3.0.0"
      lodash._bindcallback "^3.0.0"
  
  lodash.isarguments@^3.0.0:
    version "3.1.0"
    resolved "https://registry.yarnpkg.com/lodash.isarguments/-/lodash.isarguments-3.1.0.tgz#2f573d85c6a24289ff00663b491c1d338ff3458a"
  
  lodash.isarray@^3.0.0:
    version "3.0.4"
    resolved "https://registry.yarnpkg.com/lodash.isarray/-/lodash.isarray-3.0.4.tgz#79e4eb88c36a8122af86f844aa9bcd851b5fbb55"
  
  lodash.isplainobject@^3.0.0:
    version "3.2.0"
    resolved "https://registry.yarnpkg.com/lodash.isplainobject/-/lodash.isplainobject-3.2.0.tgz#9a8238ae16b200432960cd7346512d0123fbf4c5"
    dependencies:
      lodash._basefor "^3.0.0"
      lodash.isarguments "^3.0.0"
      lodash.keysin "^3.0.0"
  
  lodash.istypedarray@^3.0.0:
    version "3.0.6"
    resolved "https://registry.yarnpkg.com/lodash.istypedarray/-/lodash.istypedarray-3.0.6.tgz#c9a477498607501d8e8494d283b87c39281cef62"
  
  lodash.keys@^3.0.0:
    version "3.1.2"
    resolved "https://registry.yarnpkg.com/lodash.keys/-/lodash.keys-3.1.2.tgz#4dbc0472b156be50a0b286855d1bd0b0c656098a"
    dependencies:
      lodash._getnative "^3.0.0"
      lodash.isarguments "^3.0.0"
      lodash.isarray "^3.0.0"
  
  lodash.keysin@^3.0.0:
    version "3.0.8"
    resolved "https://registry.yarnpkg.com/lodash.keysin/-/lodash.keysin-3.0.8.tgz#22c4493ebbedb1427962a54b445b2c8a767fb47f"
    dependencies:
      lodash.isarguments "^3.0.0"
      lodash.isarray "^3.0.0"
  
  lodash.merge@^3.3.2:
    version "3.3.2"
    resolved "https://registry.yarnpkg.com/lodash.merge/-/lodash.merge-3.3.2.tgz#0d90d93ed637b1878437bb3e21601260d7afe994"
    dependencies:
      lodash._arraycopy "^3.0.0"
      lodash._arrayeach "^3.0.0"
      lodash._createassigner "^3.0.0"
      lodash._getnative "^3.0.0"
      lodash.isarguments "^3.0.0"
      lodash.isarray "^3.0.0"
      lodash.isplainobject "^3.0.0"
      lodash.istypedarray "^3.0.0"
      lodash.keys "^3.0.0"
      lodash.keysin "^3.0.0"
      lodash.toplainobject "^3.0.0"
  
  lodash.omit@^3.1.0:
    version "3.1.0"
    resolved "https://registry.yarnpkg.com/lodash.omit/-/lodash.omit-3.1.0.tgz#897fe382e6413d9ac97c61f78ed1e057a00af9f3"
    dependencies:
      lodash._arraymap "^3.0.0"
      lodash._basedifference "^3.0.0"
      lodash._baseflatten "^3.0.0"
      lodash._bindcallback "^3.0.0"
      lodash._pickbyarray "^3.0.0"
      lodash._pickbycallback "^3.0.0"
      lodash.keysin "^3.0.0"
      lodash.restparam "^3.0.0"
  
  lodash.restparam@^3.0.0:
    version "3.6.1"
    resolved "https://registry.yarnpkg.com/lodash.restparam/-/lodash.restparam-3.6.1.tgz#936a4e309ef330a7645ed4145986c85ae5b20805"
  
  lodash.toplainobject@^3.0.0:
    version "3.0.0"
    resolved "https://registry.yarnpkg.com/lodash.toplainobject/-/lodash.toplainobject-3.0.0.tgz#28790ad942d293d78aa663a07ecf7f52ca04198d"
    dependencies:
      lodash._basecopy "^3.0.0"
      lodash.keysin "^3.0.0"
  
  lodash@^3.2.0, lodash@^3.3.1:
    version "3.10.1"
    resolved "https://registry.yarnpkg.com/lodash/-/lodash-3.10.1.tgz#5bf45e8e49ba4189e17d482789dfd15bd140b7b6"
  
  longest@^1.0.1:
    version "1.0.1"
    resolved "https://registry.yarnpkg.com/longest/-/longest-1.0.1.tgz#30a0b2da38f73770e8294a0d22e6625ed77d0097"
  
  loose-envify@^1.0.0, loose-envify@^1.1.0, loose-envify@^1.3.1:
    version "1.3.1"
    resolved "https://registry.yarnpkg.com/loose-envify/-/loose-envify-1.3.1.tgz#d1a8ad33fa9ce0e713d65fdd0ac8b748d478c848"
    dependencies:
      js-tokens "^3.0.0"
  
  "minimatch@2 || 3", minimatch@^3.0.0, minimatch@^3.0.2:
    version "3.0.4"
    resolved "https://registry.yarnpkg.com/minimatch/-/minimatch-3.0.4.tgz#5166e286457f03306064be5497e8dbb0c3d32083"
    dependencies:
      brace-expansion "^1.1.7"
  
  minimist@0.0.8, minimist@~0.0.1:
    version "0.0.8"
    resolved "https://registry.yarnpkg.com/minimist/-/minimist-0.0.8.tgz#857fcabfc3397d2625b8228262e86aa7a011b05d"
  
  mkdirp@^0.5.0, mkdirp@^0.5.1:
    version "0.5.1"
    resolved "https://registry.yarnpkg.com/mkdirp/-/mkdirp-0.5.1.tgz#30057438eac6cf7f8c4767f38648d6697d75c903"
    dependencies:
      minimist "0.0.8"
  
  ms@0.7.3:
    version "0.7.3"
    resolved "https://registry.yarnpkg.com/ms/-/ms-0.7.3.tgz#708155a5e44e33f5fd0fc53e81d0d40a91be1fff"
  
  mute-stream@0.0.5:
    version "0.0.5"
    resolved "https://registry.yarnpkg.com/mute-stream/-/mute-stream-0.0.5.tgz#8fbfabb0a98a253d3184331f9e8deb7372fac6c0"
  
  node-fetch@^1.0.1:
    version "1.6.3"
    resolved "https://registry.yarnpkg.com/node-fetch/-/node-fetch-1.6.3.tgz#dc234edd6489982d58e8f0db4f695029abcd8c04"
    dependencies:
      encoding "^0.1.11"
      is-stream "^1.0.1"
  
  nth-check@~1.0.0:
    version "1.0.1"
    resolved "https://registry.yarnpkg.com/nth-check/-/nth-check-1.0.1.tgz#9929acdf628fc2c41098deab82ac580cf149aae4"
    dependencies:
      boolbase "~1.0.0"
  
  number-is-nan@^1.0.0:
    version "1.0.1"
    resolved "https://registry.yarnpkg.com/number-is-nan/-/number-is-nan-1.0.1.tgz#097b602b53422a522c1afb8790318336941a011d"
  
  object-assign@^4.0.1, object-assign@^4.1.0, object-assign@^4.1.1:
    version "4.1.1"
    resolved "https://registry.yarnpkg.com/object-assign/-/object-assign-4.1.1.tgz#2109adc7965887cfc05cbbd442cac8bfbb360863"
  
  once@^1.3.0:
    version "1.4.0"
    resolved "https://registry.yarnpkg.com/once/-/once-1.4.0.tgz#583b1aa775961d4b113ac17d9c50baef9dd76bd1"
    dependencies:
      wrappy "1"
  
  onetime@^1.0.0:
    version "1.1.0"
    resolved "https://registry.yarnpkg.com/onetime/-/onetime-1.1.0.tgz#a1f7838f8314c516f05ecefcbc4ccfe04b4ed789"
  
  optimist@^0.6.1:
    version "0.6.1"
    resolved "https://registry.yarnpkg.com/optimist/-/optimist-0.6.1.tgz#da3ea74686fa21a19a111c326e90eb15a0196686"
    dependencies:
      minimist "~0.0.1"
      wordwrap "~0.0.2"
  
  optionator@^0.6.0:
    version "0.6.0"
    resolved "https://registry.yarnpkg.com/optionator/-/optionator-0.6.0.tgz#b63ecbbf0e315fad4bc9827b45dc7ba45284fcb6"
    dependencies:
      deep-is "~0.1.3"
      fast-levenshtein "~1.0.6"
      levn "~0.2.5"
      prelude-ls "~1.1.1"
      type-check "~0.3.1"
      wordwrap "~0.0.2"
  
  os-homedir@^1.0.0:
    version "1.0.2"
    resolved "https://registry.yarnpkg.com/os-homedir/-/os-homedir-1.0.2.tgz#ffbc4988336e0e833de0c168c7ef152121aa7fb3"
  
  path-is-absolute@^1.0.0:
    version "1.0.1"
    resolved "https://registry.yarnpkg.com/path-is-absolute/-/path-is-absolute-1.0.1.tgz#174b9268735534ffbc7ace6bf53a5a9e1b5c5f5f"
  
  path-is-inside@^1.0.1:
    version "1.0.2"
    resolved "https://registry.yarnpkg.com/path-is-inside/-/path-is-inside-1.0.2.tgz#365417dede44430d1c11af61027facf074bdfc53"
  
  pify@^2.0.0:
    version "2.3.0"
    resolved "https://registry.yarnpkg.com/pify/-/pify-2.3.0.tgz#ed141a6ac043a849ea588498e7dca8b15330e90c"
  
  pinkie-promise@^2.0.0:
    version "2.0.1"
    resolved "https://registry.yarnpkg.com/pinkie-promise/-/pinkie-promise-2.0.1.tgz#2135d6dfa7a358c069ac9b178776288228450ffa"
    dependencies:
      pinkie "^2.0.0"
  
  pinkie@^2.0.0:
    version "2.0.4"
    resolved "https://registry.yarnpkg.com/pinkie/-/pinkie-2.0.4.tgz#72556b80cfa0d48a974e80e77248e80ed4f7f870"
  
  postcss-value-parser@^3.3.0:
    version "3.3.0"
    resolved "https://registry.yarnpkg.com/postcss-value-parser/-/postcss-value-parser-3.3.0.tgz#87f38f9f18f774a4ab4c8a232f5c5ce8872a9d15"
  
  prelude-ls@~1.1.0, prelude-ls@~1.1.1, prelude-ls@~1.1.2:
    version "1.1.2"
    resolved "https://registry.yarnpkg.com/prelude-ls/-/prelude-ls-1.1.2.tgz#21932a549f5e52ffd9a827f570e04be62a97da54"
  
  process-nextick-args@~1.0.6:
    version "1.0.7"
    resolved "https://registry.yarnpkg.com/process-nextick-args/-/process-nextick-args-1.0.7.tgz#150e20b756590ad3f91093f25a4f2ad8bff30ba3"
  
  promise@^7.1.1:
    version "7.1.1"
    resolved "https://registry.yarnpkg.com/promise/-/promise-7.1.1.tgz#489654c692616b8aa55b0724fa809bb7db49c5bf"
    dependencies:
      asap "~2.0.3"
  
  prop-types@^15.6.0:
    version "15.6.2"
    resolved "https://registry.yarnpkg.com/prop-types/-/prop-types-15.6.2.tgz#05d5ca77b4453e985d60fc7ff8c859094a497102"
    dependencies:
      loose-envify "^1.3.1"
      object-assign "^4.1.1"
  
  react-dom@^16.4.1:
    version "16.4.1"
    resolved "https://registry.yarnpkg.com/react-dom/-/react-dom-16.4.1.tgz#7f8b0223b3a5fbe205116c56deb85de32685dad6"
    dependencies:
      fbjs "^0.8.16"
      loose-envify "^1.1.0"
      object-assign "^4.1.1"
      prop-types "^15.6.0"
  
  react@^16.4.1:
    version "16.4.1"
    resolved "https://registry.yarnpkg.com/react/-/react-16.4.1.tgz#de51ba5764b5dbcd1f9079037b862bd26b82fe32"
    dependencies:
      fbjs "^0.8.16"
      loose-envify "^1.1.0"
      object-assign "^4.1.1"
      prop-types "^15.6.0"
  
  readable-stream@1.1:
    version "1.1.13"
    resolved "https://registry.yarnpkg.com/readable-stream/-/readable-stream-1.1.13.tgz#f6eef764f514c89e2b9e23146a75ba106756d23e"
    dependencies:
      core-util-is "~1.0.0"
      inherits "~2.0.1"
      isarray "0.0.1"
      string_decoder "~0.10.x"
  
  readable-stream@^2.2.2:
    version "2.2.9"
    resolved "https://registry.yarnpkg.com/readable-stream/-/readable-stream-2.2.9.tgz#cf78ec6f4a6d1eb43d26488cac97f042e74b7fc8"
    dependencies:
      buffer-shims "~1.0.0"
      core-util-is "~1.0.0"
      inherits "~2.0.1"
      isarray "~1.0.0"
      process-nextick-args "~1.0.6"
      string_decoder "~1.0.0"
      util-deprecate "~1.0.1"
  
  readline2@^1.0.1:
    version "1.0.1"
    resolved "https://registry.yarnpkg.com/readline2/-/readline2-1.0.1.tgz#41059608ffc154757b715d9989d199ffbf372e35"
    dependencies:
      code-point-at "^1.0.0"
      is-fullwidth-code-point "^1.0.0"
      mute-stream "0.0.5"
  
  repeat-string@^1.5.2:
    version "1.6.1"
    resolved "https://registry.yarnpkg.com/repeat-string/-/repeat-string-1.6.1.tgz#8dcae470e1c88abc2d600fff4a776286da75e637"
  
  restore-cursor@^1.0.1:
    version "1.0.1"
    resolved "https://registry.yarnpkg.com/restore-cursor/-/restore-cursor-1.0.1.tgz#34661f46886327fed2991479152252df92daa541"
    dependencies:
      exit-hook "^1.0.0"
      onetime "^1.0.0"
  
  right-align@^0.1.1:
    version "0.1.3"
    resolved "https://registry.yarnpkg.com/right-align/-/right-align-0.1.3.tgz#61339b722fe6a3515689210d24e14c96148613ef"
    dependencies:
      align-text "^0.1.1"
  
  rimraf@^2.2.8:
    version "2.6.1"
    resolved "https://registry.yarnpkg.com/rimraf/-/rimraf-2.6.1.tgz#c2338ec643df7a1b7fe5c54fa86f57428a55f33d"
    dependencies:
      glob "^7.0.5"
  
  run-async@^0.1.0:
    version "0.1.0"
    resolved "https://registry.yarnpkg.com/run-async/-/run-async-0.1.0.tgz#c8ad4a5e110661e402a7d21b530e009f25f8e389"
    dependencies:
      once "^1.3.0"
  
  rx-lite@^3.1.2:
    version "3.1.2"
    resolved "https://registry.yarnpkg.com/rx-lite/-/rx-lite-3.1.2.tgz#19ce502ca572665f3b647b10939f97fd1615f102"
  
  setimmediate@^1.0.5:
    version "1.0.5"
    resolved "https://registry.yarnpkg.com/setimmediate/-/setimmediate-1.0.5.tgz#290cbb232e306942d7d7ea9b83732ab7856f8285"
  
  shelljs@^0.5.3:
    version "0.5.3"
    resolved "https://registry.yarnpkg.com/shelljs/-/shelljs-0.5.3.tgz#c54982b996c76ef0c1e6b59fbdc5825f5b713113"
  
  source-map@^0.4.4:
    version "0.4.4"
    resolved "https://registry.yarnpkg.com/source-map/-/source-map-0.4.4.tgz#eba4f5da9c0dc999de68032d8b4f76173652036b"
    dependencies:
      amdefine ">=0.0.4"
  
  source-map@~0.5.1:
    version "0.5.6"
    resolved "https://registry.yarnpkg.com/source-map/-/source-map-0.5.6.tgz#75ce38f52bf0733c5a7f0c118d81334a2bb5f412"
  
  sprintf-js@~1.0.2:
    version "1.0.3"
    resolved "https://registry.yarnpkg.com/sprintf-js/-/sprintf-js-1.0.3.tgz#04e6926f662895354f3dd015203633b857297e2c"
  
  string-width@^1.0.1:
    version "1.0.2"
    resolved "https://registry.yarnpkg.com/string-width/-/string-width-1.0.2.tgz#118bdf5b8cdc51a2a7e70d211e07e2b0b9b107d3"
    dependencies:
      code-point-at "^1.0.0"
      is-fullwidth-code-point "^1.0.0"
      strip-ansi "^3.0.0"
  
  string_decoder@~0.10.x:
    version "0.10.31"
    resolved "https://registry.yarnpkg.com/string_decoder/-/string_decoder-0.10.31.tgz#62e203bc41766c6c28c9fc84301dab1c5310fa94"
  
  string_decoder@~1.0.0:
    version "1.0.0"
    resolved "https://registry.yarnpkg.com/string_decoder/-/string_decoder-1.0.0.tgz#f06f41157b664d86069f84bdbdc9b0d8ab281667"
    dependencies:
      buffer-shims "~1.0.0"
  
  strip-ansi@^3.0.0:
    version "3.0.1"
    resolved "https://registry.yarnpkg.com/strip-ansi/-/strip-ansi-3.0.1.tgz#6a385fb8853d952d5ff05d0e8aaf94278dc63dcf"
    dependencies:
      ansi-regex "^2.0.0"
  
  strip-json-comments@~1.0.1:
    version "1.0.4"
    resolved "https://registry.yarnpkg.com/strip-json-comments/-/strip-json-comments-1.0.4.tgz#1e15fbcac97d3ee99bf2d73b4c656b082bbafb91"
  
  supports-color@^2.0.0:
    version "2.0.0"
    resolved "https://registry.yarnpkg.com/supports-color/-/supports-color-2.0.0.tgz#535d045ce6b6363fa40117084629995e9df324c7"
  
  text-table@~0.2.0:
    version "0.2.0"
    resolved "https://registry.yarnpkg.com/text-table/-/text-table-0.2.0.tgz#7f5ee823ae805207c00af2df4a84ec3fcfa570b4"
  
  through@^2.3.6:
    version "2.3.8"
    resolved "https://registry.yarnpkg.com/through/-/through-2.3.8.tgz#0dd4c9ffaabc357960b1b724115d7e0e86a2e1f5"
  
  tryit@^1.0.1:
    version "1.0.3"
    resolved "https://registry.yarnpkg.com/tryit/-/tryit-1.0.3.tgz#393be730a9446fd1ead6da59a014308f36c289cb"
  
  type-check@~0.3.1:
    version "0.3.2"
    resolved "https://registry.yarnpkg.com/type-check/-/type-check-0.3.2.tgz#5884cab512cf1d355e3fb784f30804b2b520db72"
    dependencies:
      prelude-ls "~1.1.2"
  
  typedarray@^0.0.6:
    version "0.0.6"
    resolved "https://registry.yarnpkg.com/typedarray/-/typedarray-0.0.6.tgz#867ac74e3864187b1d3d47d996a78ec5c8830777"
  
  ua-parser-js@^0.7.18:
    version "0.7.18"
    resolved "https://registry.yarnpkg.com/ua-parser-js/-/ua-parser-js-0.7.18.tgz#a7bfd92f56edfb117083b69e31d2aa8882d4b1ed"
  
  ua-parser-js@^0.7.9:
    version "0.7.12"
    resolved "https://registry.yarnpkg.com/ua-parser-js/-/ua-parser-js-0.7.12.tgz#04c81a99bdd5dc52263ea29d24c6bf8d4818a4bb"
  
  uglify-js@^2.6:
    version "2.8.26"
    resolved "https://registry.yarnpkg.com/uglify-js/-/uglify-js-2.8.26.tgz#3a1db8ae0a0aba7f92e1ddadadbd0293d549f90e"
    dependencies:
      source-map "~0.5.1"
      yargs "~3.10.0"
    optionalDependencies:
      uglify-to-browserify "~1.0.0"
  
  uglify-to-browserify@~1.0.0:
    version "1.0.2"
    resolved "https://registry.yarnpkg.com/uglify-to-browserify/-/uglify-to-browserify-1.0.2.tgz#6e0924d6bda6b5afe349e39a6d632850a0f882b7"
  
  underscore@^1.8.3:
    version "1.8.3"
    resolved "https://registry.yarnpkg.com/underscore/-/underscore-1.8.3.tgz#4f3fb53b106e6097fcf9cb4109f2a5e9bdfa5022"
  
  user-home@^2.0.0:
    version "2.0.0"
    resolved "https://registry.yarnpkg.com/user-home/-/user-home-2.0.0.tgz#9c70bfd8169bc1dcbf48604e0f04b8b49cde9e9f"
    dependencies:
      os-homedir "^1.0.0"
  
  util-deprecate@~1.0.1:
    version "1.0.2"
    resolved "https://registry.yarnpkg.com/util-deprecate/-/util-deprecate-1.0.2.tgz#450d4dc9fa70de732762fbd2d4a28981419a0ccf"
  
  whatwg-fetch@>=0.10.0:
    version "2.0.3"
    resolved "https://registry.yarnpkg.com/whatwg-fetch/-/whatwg-fetch-2.0.3.tgz#9c84ec2dcf68187ff00bc64e1274b442176e1c84"
  
  window-size@0.1.0:
    version "0.1.0"
    resolved "https://registry.yarnpkg.com/window-size/-/window-size-0.1.0.tgz#5438cd2ea93b202efa3a19fe8887aee7c94f9c9d"
  
  wordwrap@0.0.2:
    version "0.0.2"
    resolved "https://registry.yarnpkg.com/wordwrap/-/wordwrap-0.0.2.tgz#b79669bb42ecb409f83d583cad52ca17eaa1643f"
  
  wordwrap@~0.0.2:
    version "0.0.3"
    resolved "https://registry.yarnpkg.com/wordwrap/-/wordwrap-0.0.3.tgz#a3d5da6cd5c0bc0008d37234bbaf1bed63059107"
  
  wrappy@1:
    version "1.0.2"
    resolved "https://registry.yarnpkg.com/wrappy/-/wrappy-1.0.2.tgz#b5243d8f3ec1aa35f1364605bc0d1036e30ab69f"
  
  write@^0.2.1:
    version "0.2.1"
    resolved "https://registry.yarnpkg.com/write/-/write-0.2.1.tgz#5fc03828e264cea3fe91455476f7a3c566cb0757"
    dependencies:
      mkdirp "^0.5.1"
  
  xml-escape@~1.0.0:
    version "1.0.0"
    resolved "https://registry.yarnpkg.com/xml-escape/-/xml-escape-1.0.0.tgz#00963d697b2adf0c185c4e04e73174ba9b288eb2"
  
  xtend@^4.0.0:
    version "4.0.1"
    resolved "https://registry.yarnpkg.com/xtend/-/xtend-4.0.1.tgz#a5c6d532be656e23db820efb943a1f04998d63af"
  
  yargs@~3.10.0:
    version "3.10.0"
    resolved "https://registry.yarnpkg.com/yargs/-/yargs-3.10.0.tgz#f7ee7bd857dd7c1d2d38c0e74efbd681d1431fd1"
    dependencies:
      camelcase "^1.0.2"
      cliui "^2.1.0"
      decamelize "^1.0.0"
      window-size "0.1.0"

Trace: 
  SyntaxError: /home/martinh/www/mergado-ui-icons/package.json: Unexpected token } in JSON at position 937
      at JSON.parse (<anonymous>)
      at /usr/lib/node_modules/yarn/lib/util/fs.js:554:57
      at Generator.next (<anonymous>)
      at step (/usr/lib/node_modules/yarn/node_modules/babel-runtime/helpers/asyncToGenerator.js:17:30)
      at /usr/lib/node_modules/yarn/node_modules/babel-runtime/helpers/asyncToGenerator.js:28:13
      at <anonymous>
